<?xml version="1.0" encoding="UTF-8"?>
<testng-results ignored="0" total="1" passed="1" failed="0" skipped="0">
  <reporter-output>
  </reporter-output>
  <suite started-at="2024-08-15T08:59:35 IST" name="Default suite" finished-at="2024-08-15T09:00:04 IST" duration-ms="28662">
    <groups>
    </groups>
    <test started-at="2024-08-15T08:59:35 IST" name="Default test-0" finished-at="2024-08-15T09:00:04 IST" duration-ms="28662">
      <class name="testCases.LoginTest">
        <test-method is-config="true" signature="setup()[pri:0, instance:testCases.LoginTest@4315e9af]" started-at="2024-08-15T08:59:35 IST" name="setup" finished-at="2024-08-15T08:59:58 IST" duration-ms="22944" status="PASS">
          <reporter-output>
          </reporter-output>
        </test-method> <!-- setup -->
        <test-method signature="testLogin()[pri:0, instance:testCases.LoginTest@4315e9af]" started-at="2024-08-15T08:59:58 IST" name="testLogin" finished-at="2024-08-15T09:00:04 IST" duration-ms="5447" status="PASS">
          <reporter-output>
          </reporter-output>
        </test-method> <!-- testLogin -->
      </class> <!-- testCases.LoginTest -->
    </test> <!-- Default test-0 -->
  </suite> <!-- Default suite -->
</testng-results>
