<?xml version="1.0" encoding="UTF-8"?>
<testng-results ignored="0" total="1" passed="1" failed="0" skipped="0">
  <reporter-output>
  </reporter-output>
  <suite started-at="2024-08-10T19:52:20 IST" name="Suite" finished-at="2024-08-10T19:52:30 IST" duration-ms="10612">
    <groups>
    </groups>
    <test started-at="2024-08-10T19:52:20 IST" name="Test" finished-at="2024-08-10T19:52:30 IST" duration-ms="10612">
      <class name="Test.LoginTest">
        <test-method is-config="true" signature="setUp()[pri:0, instance:Test.LoginTest@78123e82]" started-at="2024-08-10T19:52:20 IST" name="setUp" finished-at="2024-08-10T19:52:28 IST" duration-ms="8155" status="PASS">
          <reporter-output>
          </reporter-output>
        </test-method> <!-- setUp -->
        <test-method signature="testLogin()[pri:0, instance:Test.LoginTest@78123e82]" started-at="2024-08-10T19:52:28 IST" name="testLogin" finished-at="2024-08-10T19:52:30 IST" duration-ms="2382" status="PASS">
          <reporter-output>
          </reporter-output>
        </test-method> <!-- testLogin -->
      </class> <!-- Test.LoginTest -->
    </test> <!-- Test -->
  </suite> <!-- Suite -->
</testng-results>
